Welcome to BBank. How can we assist you?


Main Menu. Please select an option: 
1. Accounts
2. Apply for new account
3. Employee Menu
4. Exit


Welcome back. Please enter username: 
Or type exit to return to main menu.

Thank you, kyl . Enter your password
com.bbank.exception.BusinessException
Signing in.


Customer Menu. Please select an option: 
1. Accounts
2. Apply for new account
3. Exit


Employee Menu. Please select an option: 
1. Accounts
2. Open new accounts
3. Deposit or withdraw
4. Exit


Employee Menu. Please select an option: 
1. Accounts
2. Open new accounts
3. Deposit or withdraw
4. Exit


Employee Menu. Please select an option: 
1. Accounts
2. Open new accounts
3. Deposit or withdraw
4. Exit
Welcome to BBank. How can we assist you?


Main Menu. Please select an option: 
1. Accounts
2. Apply for new account
3. Employee Menu
4. Exit


Main Menu. Please select an option: 
1. Accounts
2. Apply for new account
3. Employee Menu
4. Exit
Invalid Entry!
Please enter a number between 1 and 3


Main Menu. Please select an option: 
1. Accounts
2. Apply for new account
3. Employee Menu
4. Exit
Invalid Entry!
Please enter a number between 1 and 3


Main Menu. Please select an option: 
1. Accounts
2. Apply for new account
3. Employee Menu
4. Exit
Invalid Entry!
Please enter a number between 1 and 3


Main Menu. Please select an option: 
1. Accounts
2. Apply for new account
3. Employee Menu
4. Exit
Invalid Entry!
Please enter a number between 1 and 3


Main Menu. Please select an option: 
1. Accounts
2. Apply for new account
3. Employee Menu
4. Exit
Invalid Entry!
Please enter a number between 1 and 3


Main Menu. Please select an option: 
1. Accounts
2. Apply for new account
Welcome to BBank. How can we assist you?


Main Menu. Please select an option: 
1. Accounts
2. Apply for new account
3. Employee Menu
4. Exit


Main Menu. Please select an option: 
1. Accounts
2. Apply for new account
3. Employee Menu
4. Exit


Main Menu. Please select an option: 
1. Accounts
2. Apply for new account
3. Employee Menu
4. Exit


Welcome back. Please enter username: 
Or type exit to return to main menu.

Thank you, exit . Enter your password
com.bbank.exception.BusinessException
Signing in.


Customer Menu. Please select an option: 
1. Accounts
2. Apply for new account
3. Exit
Returning to Main Menu


Main Menu. Please select an option: 
1. Accounts
2. Apply for new account
3. Employee Menu
4. Exit
Please enter a number between 1 and 3
Welcome to BBank. How can we assist you?


Main Menu. Please select an option: 
1. Accounts
2. Apply for new account
3. Employee Menu
4. Exit
Thank you. Have a wonderful day.
Welcome to BBank. How can we assist you?


Main Menu. Please select an option: 
1. Accounts
2. Apply for new account
3. Employee Menu
4. Exit


Welcome back. Please enter username: 
Or type exit to return to main menu.

Thank you, jojo . Enter your password
com.bbank.exception.BusinessException
Signing in.


Customer Menu. Please select an option: 
1. Accounts
2. Apply for new account
3. Exit


Customer Menu. Please select an option: 
1. Accounts
2. Apply for new account
3. Exit


Customer Menu. Please select an option: 
1. Accounts
2. Apply for new account
3. Exit


Customer Menu. Please select an option: 
1. Accounts
2. Apply for new account
3. Exit


Customer Menu. Please select an option: 
1. Accounts
2. Apply for new account
3. Exit
Welcome to BBank. How can we assist you?


Main Menu. Please select an option: 
1. Accounts
2. Apply for new account
3. Employee Menu
4. Exit


Welcome back. Please enter username: 
Or type exit to return to main menu.

Thank you, jojo . Enter your password
com.bbank.exception.BusinessException
Signing in.


Customer Menu. Please select an option: 
1. Accounts
2. Apply for new account
3. Exit


Employee Menu. Please select an option: 
1. Accounts
2. Open new accounts
3. Deposit or withdraw
4. Exit
Returning to Main Menu


Employee Menu. Please select an option: 
1. Accounts
2. Open new accounts
3. Deposit or withdraw
4. Exit
Returning to Main Menu


Employee Menu. Please select an option: 
1. Accounts
2. Open new accounts
3. Deposit or withdraw
4. Exit
Welcome to BBank. How can we assist you?


Main Menu. Please select an option: 
1. Accounts
2. Apply for new account
3. Employee Menu
4. Exit


Welcome back. Please enter username: 
Or type exit to return to main menu.

Thank you, jojo . Enter your password
com.bbank.exception.BusinessException
Signing in.


Customer Menu. Please select an option: 
1. Accounts
2. Apply for new account
3. Exit


Customer Account Menu. Please select an option: 
1. Accounts
2. Open new accounts
3. Deposit or withdraw
4. Exit
Connecting to database......


Customer Account Menu. Please select an option: 
1. Accounts
2. Open new accounts
3. Deposit or withdraw
4. Exit


Customer Account Menu. Please select an option: 
1. Accounts
2. Open new accounts
3. Deposit or withdraw
4. Exit
Invalid Entry!
Returning to Main Menu


Customer Account Menu. Please select an option: 
1. Accounts
2. Open new accounts
3. Deposit or withdraw
4. Exit
Invalid Entry!
Returning to Main Menu


Customer Account Menu. Please select an option: 
1. Accounts
2. Open new accounts
3. Deposit or withdraw
4. Exit
Invalid Entry!
Returning to Main Menu


Customer Account Menu. Please select an option: 
1. Accounts
2. Open new accounts
3. Deposit or withdraw
4. Exit
Invalid Entry!
Returning to Main Menu


Customer Account Menu. Please select an option: 
1. Accounts
2. Open new accounts
3. Deposit or withdraw
4. Exit
Invalid Entry!
Returning to Main Menu


Customer Account Menu. Please select an option: 
1. Accounts
2. Open new accounts
3. Deposit or withdraw
Welcome to BBank. How can we assist you?


Main Menu. Please select an option: 
1. Accounts
2. Apply for new account
3. Employee Menu
4. Exit


Welcome back. Please enter username: 
Or type exit to return to main menu.

Thank you, jojo . Enter your password
com.bbank.exception.BusinessException
Signing in.


Customer Menu. Please select an option: 
1. Accounts
2. Apply for new account
3. Exit


Customer Account Menu. Please select an option: 
1. Accounts
2. Open new accounts
3. Deposit or withdraw
4. Exit
Connecting to database......


Customer Account Menu. Please select an option: 
1. Accounts
2. Open new accounts
3. Deposit or withdraw
4. Exit


Customer Account Menu. Please select an option: 
1. Accounts
2. Open new accounts
3. Deposit or withdraw
4. Exit


Customer Account Menu. Please select an option: 
1. Accounts
2. Open new accounts
3. Deposit or withdraw
4. Exit


Customer Account Menu. Please select an option: 
1. Accounts
2. Open new accounts
3. Deposit or withdraw
4. Exit
Manipulating funds........


Customer Menu. Please select an option: 
1. Accounts
2. Apply for new account
3. Exit
Please enter a number between 1 and 3


Customer Menu. Please select an option: 
1. Accounts
2. Apply for new account
3. Exit
Welcome to BBank. How can we assist you?


Main Menu. Please select an option: 
1. Accounts
2. Apply for new account
3. Employee Menu
4. Exit
Invalid Entry!
Thank you. Have a wonderful day.


Main Menu. Please select an option: 
1. Accounts
2. Apply for new account
3. Employee Menu
4. Exit
Invalid Entry!
Thank you. Have a wonderful day.


Main Menu. Please select an option: 
1. Accounts
2. Apply for new account
3. Employee Menu
4. Exit
Invalid Entry!
Thank you. Have a wonderful day.


Main Menu. Please select an option: 
1. Accounts
2. Apply for new account
3. Employee Menu
4. Exit
Invalid Entry!
Thank you. Have a wonderful day.


Main Menu. Please select an option: 
1. Accounts
2. Apply for new account
3. Employee Menu
4. Exit
Invalid Entry!
Thank you. Have a wonderful day.


Main Menu. Please select an option: 
1. Accounts
2. Apply for new account
3. Employee Menu
4. Exit
Welcome to BBank. How can we assist you?


Main Menu. Please select an option: 
1. Accounts
2. Apply for new account
3. Employee Menu
4. Exit


Welcome back. Please enter username: 
Or type exit to return to main menu.

Thank you, jojo . Enter your password
com.bbank.exception.BusinessException
Signing in.


Customer Main Menu. Please select an option: 
1. Accounts
2. Apply for new account
3. Exit


Customer Account Menu. Please select an option: 
1. Accounts
2. Open new accounts
3. Deposit or withdraw
4. Exit
Connecting to database......


Customer Account Menu. Please select an option: 
1. Accounts
2. Open new accounts
3. Deposit or withdraw
4. Exit


Customer Account Menu. Please select an option: 
1. Accounts
2. Open new accounts
3. Deposit or withdraw
4. Exit


Customer Account Menu. Please select an option: 
1. Accounts
2. Open new accounts
3. Deposit or withdraw
4. Exit
Manipulating funds........


Customer Main Menu. Please select an option: 
1. Accounts
2. Apply for new account
3. Exit
Thank you. Have a wonderful day.


Customer Main Menu. Please select an option: 
1. Accounts
2. Apply for new account
3. Exit
Returning to Main Menu


Main Menu. Please select an option: 
1. Accounts
2. Apply for new account
3. Employee Menu
4. Exit
Thank you. Have a wonderful day.
Welcome to BBank. How can we assist you?


Main Menu. Please select an option: 
1. Accounts
2. Apply for new account
3. Employee Menu
4. Exit


Welcome back. Please enter username: 
Or type exit to return to main menu.

Thank you, jojo . Enter your password
com.bbank.exception.BusinessException
Signing in.


Customer Main Menu. Please select an option: 
1. Accounts
2. Apply for new account
3. Exit


Customer Account Menu. Please select an option: 
1. Accounts
2. Open new accounts
3. Deposit or withdraw
4. Exit
Connecting to database......


Customer Account Menu. Please select an option: 
1. Accounts
2. Open new accounts
3. Deposit or withdraw
4. Exit
Connecting to database......


Customer Account Menu. Please select an option: 
1. Accounts
2. Open new accounts
3. Deposit or withdraw
4. Exit


Customer Account Menu. Please select an option: 
1. Accounts
2. Open new accounts
3. Deposit or withdraw
4. Exit


Customer Account Menu. Please select an option: 
1. Accounts
2. Open new accounts
3. Deposit or withdraw
4. Exit
Manipulating funds........


Customer Main Menu. Please select an option: 
1. Accounts
2. Apply for new account
3. Exit
Returning to Main Menu


Main Menu. Please select an option: 
1. Accounts
2. Apply for new account
3. Employee Menu
4. Exit
Thank you. Have a wonderful day.
Welcome to BBank. How can we assist you?


Main Menu. Please select an option: 
1. Accounts
2. Apply for new account
3. Employee Menu
4. Exit


Main Menu. Please select an option: 
1. Accounts
2. Apply for new account
3. Employee Menu
4. Exit


Main Menu. Please select an option: 
1. Accounts
2. Apply for new account
3. Employee Menu
4. Exit
Invalid Entry!
Thank you. Have a wonderful day.


Main Menu. Please select an option: 
1. Accounts
2. Apply for new account
3. Employee Menu
4. Exit
Invalid Entry!
Thank you. Have a wonderful day.


Main Menu. Please select an option: 
1. Accounts
2. Apply for new account
3. Employee Menu
4. Exit
Invalid Entry!
Thank you. Have a wonderful day.


Main Menu. Please select an option: 
1. Accounts
2. Apply for new account
3. Employee Menu
4. Exit
Invalid Entry!
Thank you. Have a wonderful day.


Main Menu. Please select an option: 
1. Accounts
2. Apply for new account
3. Employee Menu
4. Exit
Invalid Entry!
Thank you. Have a wonderful day.


Main Menu. Please select an option: 
1. Accounts
2. Apply for new account
3. Employee Menu
4. Exit
Invalid Entry!
Thank you. Have a wonderful day.
Welcome to BBank. How can we assist you?


Main Menu. Please select an option: 
1. Accounts
2. Apply for new account
3. Employee Menu
4. Exit


Main Menu. Please select an option: 
1. Accounts
2. Apply for new account
3. Employee Menu
4. Exit


Main Menu. Please select an option: 
1. Accounts
2. Apply for new account
3. Employee Menu
4. Exit
Invalid Entry!
Thank you. Have a wonderful day.


Main Menu. Please select an option: 
1. Accounts
2. Apply for new account
3. Employee Menu
4. Exit
Invalid Entry!
Thank you. Have a wonderful day.


Main Menu. Please select an option: 
1. Accounts
2. Apply for new account
3. Employee Menu
4. Exit
Invalid Entry!
Thank you. Have a wonderful day.


Main Menu. Please select an option: 
1. Accounts
2. Apply for new account
3. Employee Menu
4. Exit
Invalid Entry!
Thank you. Have a wonderful day.


Main Menu. Please select an option: 
1. Accounts
2. Apply for new account
3. Employee Menu
4. Exit
Invalid Entry!
Thank you. Have a wonderful day.
Welcome to BBank. How can we assist you?


Main Menu. Please select an option: 
1. Accounts
2. Apply for new account
3. Employee Menu
4. Exit


Main Menu. Please select an option: 
1. Accounts
2. Apply for new account
3. Employee Menu
4. Exit
Invalid Entry!
Thank you. Have a wonderful day.


Main Menu. Please select an option: 
1. Accounts
2. Apply for new account
3. Employee Menu
4. Exit
Invalid Entry!
Thank you. Have a wonderful day.


Main Menu. Please select an option: 
1. Accounts
2. Apply for new account
3. Employee Menu
4. Exit
Invalid Entry!
Thank you. Have a wonderful day.


Main Menu. Please select an option: 
1. Accounts
2. Apply for new account
3. Employee Menu
4. Exit
Invalid Entry!
Welcome to BBank. How can we assist you?


Main Menu. Please select an option: 
1. Accounts
2. Apply for new account
3. Employee Menu
4. Exit


Main Menu. Please select an option: 
1. Accounts
2. Apply for new account
3. Employee Menu
4. Exit
Invalid Entry!
Thank you. Have a wonderful day.


Main Menu. Please select an option: 
1. Accounts
2. Apply for new account
3. Employee Menu
4. Exit
Invalid Entry!
Thank you. Have a wonderful day.


Main Menu. Please select an option: 
1. Accounts
2. Apply for new account
3. Employee Menu
4. Exit
Invalid Entry!
Thank you. Have a wonderful day.


Main Menu. Please select an option: 
1. Accounts
2. Apply for new account
3. Employee Menu
4. Exit
Invalid Entry!
Thank you. Have a wonderful day.


Main Menu. Please select an option: 
1. Accounts
2. Apply for new account
3. Employee Menu
4. Exit
Welcome to BBank. How can we assist you?


Main Menu. Please select an option: 
1. Accounts
2. Apply for new account
3. Employee Menu
4. Exit


Main Menu. Please select an option: 
1. Accounts
2. Apply for new account
3. Employee Menu
4. Exit


Main Menu. Please select an option: 
1. Accounts
2. Apply for new account
3. Employee Menu
4. Exit


Welcome back. Please enter username: 
Or type exit to return to main menu.

Thank you, jo . Enter your password
com.bbank.exception.BusinessException
Signing in.


Customer Main Menu. Please select an option: 
1. Accounts
2. Apply for new account
3. Back
Returning to Main Menu


Main Menu. Please select an option: 
1. Accounts
2. Apply for new account
3. Employee Menu
4. Exit


Welcome back. Please enter username: 
Or type 'Exit' to return to main menu.
Welcome to BBank. How can we assist you?


Main Menu. Please select an option: 
1. Accounts
2. Apply for new account
3. Employee Menu
4. Exit


Main Menu. Please select an option: 
1. Accounts
2. Apply for new account
3. Employee Menu
4. Exit
Invalid Entry!
Thank you. Have a wonderful day.


Main Menu. Please select an option: 
1. Accounts
2. Apply for new account
3. Employee Menu
4. Exit
Invalid Entry!
Thank you. Have a wonderful day.


Main Menu. Please select an option: 
1. Accounts
2. Apply for new account
3. Employee Menu
4. Exit
Invalid Entry!
Thank you. Have a wonderful day.


Main Menu. Please select an option: 
1. Accounts
2. Apply for new account
3. Employee Menu
4. Exit
Invalid Entry!
Thank you. Have a wonderful day.


Main Menu. Please select an option: 
1. Accounts
2. Apply for new account
3. Employee Menu
Welcome to BBank. How can we assist you?


Main Menu. Please select an option: 
1. Accounts
2. Apply for new account
3. Employee Menu
4. Exit


Main Menu. Please select an option: 
1. Accounts
2. Apply for new account
3. Employee Menu
4. Exit
Invalid Entry!
Thank you. Have a wonderful day.


Main Menu. Please select an option: 
1. Accounts
2. Apply for new account
3. Employee Menu
4. Exit
Invalid Entry!
Thank you. Have a wonderful day.


Main Menu. Please select an option: 
1. Accounts
2. Apply for new account
3. Employee Menu
4. Exit
Invalid Entry!
Thank you. Have a wonderful day.


Main Menu. Please select an option: 
1. Accounts
2. Apply for new account
3. Employee Menu
4. Exit
Welcome to BBank. How can we assist you?


Main Menu. Please select an option: 
1. Accounts
2. Apply for new account
3. Employee Menu
4. Exit


New Customer Sign up. Please create a username: 
Create a password: 
Please enter your First Name: 
Please enter your Last Name: 
First Name: Kyle, 
Last Name: Bond, 
Username: jojo ,
Password: jojo. 
Is this correct? Y/N
User Created!

Redirecting to Customer Menu. New Customers must still apply for a new account.
Signing in.


Main Menu. Please select an option: 
1. Accounts
2. Apply for new account
3. Employee Menu
4. Exit
Invalid Entry!
Thank you. Have a wonderful day.


Main Menu. Please select an option: 
1. Accounts
2. Apply for new account
3. Employee Menu
4. Exit
Invalid Entry!
Thank you. Have a wonderful day.


Main Menu. Please select an option: 
1. Accounts
2. Apply for new account
3. Employee Menu
4. Exit
Invalid Entry!
Thank you. Have a wonderful day.


Main Menu. Please select an option: 
1. Accounts
2. Apply for new account
3. Employee Menu
4. Exit
Invalid Entry!
Thank you. Have a wonderful day.


Main Menu. Please select an option: 
1. Accounts
2. Apply for new account
Welcome to BBank. How can we assist you?


Main Menu. Please select an option: 
1. Accounts
2. Apply for new account
3. Employee Menu
4. Exit


New Customer Sign up. Please create a username: 
Create a password: 
Please enter your First Name: 
Please enter your Last Name: 
First Name: Kyle, 
Last Name: Bond, 
Username: jojo ,
Password: bean. 
Is this correct? Y/N
User Created!

Redirecting to Customer Menu. New Customers must still apply for a new account.
Signing in.


Main Menu. Please select an option: 
1. Accounts
2. Apply for new account
3. Employee Menu
4. Exit
Invalid Entry!
Thank you. Have a wonderful day.


Main Menu. Please select an option: 
1. Accounts
2. Apply for new account
3. Employee Menu
4. Exit
Invalid Entry!
Thank you. Have a wonderful day.


Main Menu. Please select an option: 
1. Accounts
2. Apply for new account
3. Employee Menu
4. Exit
Invalid Entry!
Thank you. Have a wonderful day.


Main Menu. Please select an option: 
1. Accounts
2. Apply for new account
3. Employee Menu
4. Exit
Invalid Entry!
Thank you. Have a wonderful day.


Main Menu. Please select an option: 
1. Accounts
2. Apply for new account
3. Employee Menu
4. Exit
Invalid Entry!
Thank you. Have a wonderful day.


Main Menu. Please select an option: 
1. Accounts
2. Apply for new account
3. Employee Menu
4. Exit
Invalid Entry!
Thank you. Have a wonderful day.


Main Menu. Please select an option: 
1. Accounts
2. Apply for new account
3. Employee Menu
4. Exit
Invalid Entry!
Thank you. Have a wonderful day.
Welcome to BBank. How can we assist you?


Main Menu. Please select an option: 
1. Accounts
2. Apply for new account
3. Employee Menu
4. Exit


New Customer Sign up. Please create a username: 
Create a password: 
Please enter your First Name: 
Please enter your Last Name: 
First Name: kyle, 
Last Name: bond, 
Username: ky ,
Password: le. 
Is this correct? Y/N
User Created!

Redirecting to Customer Menu. New Customers must still apply for a new account.
Signing in.


Main Menu. Please select an option: 
1. Accounts
2. Apply for new account
3. Employee Menu
4. Exit
Invalid Entry!
Thank you. Have a wonderful day.


Main Menu. Please select an option: 
1. Accounts
2. Apply for new account
3. Employee Menu
4. Exit
Invalid Entry!
Thank you. Have a wonderful day.


Main Menu. Please select an option: 
1. Accounts
2. Apply for new account
3. Employee Menu
4. Exit
Invalid Entry!
Thank you. Have a wonderful day.


Main Menu. Please select an option: 
1. Accounts
2. Apply for new account
3. Employee Menu
4. Exit
Invalid Entry!
Thank you. Have a wonderful day.


Main Menu. Please select an option: 
1. Accounts
2. Apply for new account
3. Employee Menu
4. Exit
Invalid Entry!
Thank you. Have a wonderful day.


Main Menu. Please select an option: 
1. Accounts
2. Apply for new account
3. Employee Menu
Welcome to BBank. How can we assist you?


Main Menu. Please select an option: 
1. Accounts
2. Apply for new account
3. Employee Menu
4. Exit
Invalid Entry!
Thank you. Have a wonderful day.


Main Menu. Please select an option: 
1. Accounts
2. Apply for new account
3. Employee Menu
4. Exit
Invalid Entry!
Thank you. Have a wonderful day.


Main Menu. Please select an option: 
1. Accounts
2. Apply for new account
3. Employee Menu
4. Exit
Invalid Entry!
Thank you. Have a wonderful day.


Main Menu. Please select an option: 
1. Accounts
2. Apply for new account
3. Employee Menu
4. Exit
Invalid Entry!
Thank you. Have a wonderful day.


Main Menu. Please select an option: 
1. Accounts
2. Apply for new account
3. Employee Menu
4. Exit
Invalid Entry!
Thank you. Have a wonderful day.
Welcome to BBank. How can we assist you?


Main Menu. Please select an option: 
1. Accounts
2. Apply for new account
3. Employee Menu
4. Exit


New Customer Sign up. Please create a username: 
Create a password: 
Please enter your First Name: 
Please enter your Last Name: 
First Name: jo, 
Last Name: jo, 
Username: joj ,
Password: obean. 
Is this correct? Y/N
User Created!

Redirecting to Customer Menu. New Customers must still apply for a new account.
Signing in.


Main Menu. Please select an option: 
1. Accounts
2. Apply for new account
3. Employee Menu
4. Exit
Invalid Entry!
Thank you. Have a wonderful day.


Main Menu. Please select an option: 
1. Accounts
2. Apply for new account
3. Employee Menu
4. Exit
Invalid Entry!
Thank you. Have a wonderful day.


Main Menu. Please select an option: 
1. Accounts
2. Apply for new account
3. Employee Menu
4. Exit
Invalid Entry!
Thank you. Have a wonderful day.


Main Menu. Please select an option: 
1. Accounts
2. Apply for new account
3. Employee Menu
4. Exit
Invalid Entry!
Thank you. Have a wonderful day.


Main Menu. Please select an option: 
1. Accounts
2. Apply for new account
3. Employee Menu
4. Exit
Invalid Entry!
Thank you. Have a wonderful day.


Main Menu. Please select an option: 
1. Accounts
2. Apply for new account
3. Employee Menu
4. Exit
Invalid Entry!
Thank you. Have a wonderful day.


Main Menu. Please select an option: 
1. Accounts
2. Apply for new account
3. Employee Menu
4. Exit
Invalid Entry!
Thank you. Have a wonderful day.


Main Menu. Please select an option: 
1. Accounts
2. Apply for new account
3. Employee Menu
4. Exit
Invalid Entry!
Thank you. Have a wonderful day.


Main Menu. Please select an option: 
1. Accounts
2. Apply for new account
3. Employee Menu
4. Exit
Invalid Entry!
Thank you. Have a wonderful day.
Welcome to BBank. How can we assist you?


Main Menu. Please select an option: 
1. Accounts
2. Apply for new account
3. Employee Menu
4. Exit


New Customer Sign up. Please create a username: 
Create a password: 
Please enter your First Name: 
Please enter your Last Name: 
First Name: jo, 
Last Name: jo, 
Username: jo ,
Password: jo. 
Is this correct? Y/N
User Created!

Redirecting to Customer Menu. New Customers must still apply for a new account.
Welcome to BBank. How can we assist you?


Main Menu. Please select an option: 
1. Accounts
2. Apply for new account
3. Employee Menu
4. Exit


New Customer Sign up. Please create a username: 
Create a password: 
Please enter your First Name: 
Please enter your Last Name: 
First Name: jo, 
Last Name: jo, 
Username: jo ,
Password: jo. 
Is this correct? Y/N
User Created!

Redirecting to Customer Menu. New Customers must still apply for a new account.
Welcome to BBank. How can we assist you?


Main Menu. Please select an option: 
1. Accounts
2. Apply for new account
3. Employee Menu
4. Exit


New Customer Sign up. Please create a username: 
Create a password: 
Please enter your First Name: 
Please enter your Last Name: 
First Name: jo, 
Last Name: jo, 
Username: jo ,
Password: jo. 
Is this correct? Y/N
User Created!

Redirecting to Customer Menu. New Customers must still apply for a new account.
org.postgresql.util.PSQLException: ERROR: column "firstname" of relation "customer" does not exist
  Position: 33
Welcome to BBank. How can we assist you?


Main Menu. Please select an option: 
1. Accounts
2. Apply for new account
3. Employee Menu
4. Exit


New Customer Sign up. Please create a username: 
Create a password: 
Please enter your First Name: 
Please enter your Last Name: 
First Name: jo, 
Last Name: jo, 
Username: jo ,
Password: jo. 
Is this correct? Y/N
User Created!

Redirecting to Customer Menu. New Customers must still apply for a new account.
org.postgresql.util.PSQLException: ERROR: column "firstname" of relation "customer" does not exist
  Position: 33
Welcome to BBank. How can we assist you?


Main Menu. Please select an option: 
1. Accounts
2. Apply for new account
3. Employee Menu
4. Exit


New Customer Sign up. Please create a username: 
Create a password: 
Please enter your First Name: 
Please enter your Last Name: 
First Name: jo, 
Last Name: jo, 
Username: jo ,
Password: jo. 
Is this correct? Y/N
User Created!

Redirecting to Customer Menu. New Customers must still apply for a new account.
org.postgresql.util.PSQLException: ERROR: column "firstname" of relation "customer" does not exist
  Position: 29
Welcome to BBank. How can we assist you?


Main Menu. Please select an option: 
1. Accounts
2. Apply for new account
3. Employee Menu
4. Exit


New Customer Sign up. Please create a username: 
Create a password: 
Please enter your First Name: 
Please enter your Last Name: 
First Name: 2, 
Last Name: 2, 
Username: 2 ,
Password: 2. 
Is this correct? Y/N
User Created!

Redirecting to Customer Menu. New Customers must still apply for a new account.
org.postgresql.util.PSQLException: ERROR: column "firstname" of relation "customer" does not exist
  Position: 29
Welcome to BBank. How can we assist you?


Main Menu. Please select an option: 
1. Accounts
2. Apply for new account
3. Employee Menu
4. Exit


New Customer Sign up. Please create a username: 
Create a password: 
Please enter your First Name: 
Please enter your Last Name: 
First Name: they, 
Last Name: their, 
Username: Me ,
Password: you. 
Is this correct? Y/N
User Created!

Redirecting to Customer Menu. New Customers must still apply for a new account.
Welcome to BBank. How can we assist you?


Main Menu. Please select an option: 
1. Accounts
2. Apply for new account
3. Employee Menu
4. Exit


New Customer Sign up. Please create a username: 
Create a password: 
Please enter your First Name: 
Please enter your Last Name: 
First Name: max, 
Last Name: moe, 
Username: me ,
Password: min. 
Is this correct? Y/N
User Created!

Redirecting to Customer Menu. New Customers must still apply for a new account.
org.postgresql.util.PSQLException: ERROR: column "firstname" of relation "customer" does not exist
  Position: 29
com.bbank.exception.BusinessException: Internal error occurred. Contact SystemAdmin.
Signing in.


New Customer Sign up. Please create a username: 
Welcome to BBank. How can we assist you?


Main Menu. Please select an option: 
1. Accounts
2. Apply for new account
3. Employee Menu
4. Exit


New Customer Sign up. Please create a username: 
Create a password: 
Please enter your First Name: 
Please enter your Last Name: 
First Name: Jo, 
Last Name: bean, 
Username: jojo ,
Password: bean. 
Is this correct? Y/N
User Created!

Redirecting to Customer Menu. New Customers must still apply for a new account.
org.postgresql.util.PSQLException: ERROR: null value in column "id" of relation "customer" violates not-null constraint
  Detail: Failing row contains (null, jojo, ?, ?, ?, 3).
com.bbank.exception.BusinessException: Internal error occurred. Contact SystemAdmin.
Signing in.


New Customer Sign up. Please create a username: 
Create a password: 
Please enter your First Name: 
Please enter your Last Name: 
First Name: bean, 
Last Name: jo, 
Username: jo ,
Password: jo. 
Is this correct? Y/N
User Created!

Redirecting to Customer Menu. New Customers must still apply for a new account.
org.postgresql.util.PSQLException: ERROR: null value in column "id" of relation "customer" violates not-null constraint
  Detail: Failing row contains (null, jo, ?, ?, ?, 4).
com.bbank.exception.BusinessException: Internal error occurred. Contact SystemAdmin.
Signing in.


New Customer Sign up. Please create a username: 
Welcome to BBank. How can we assist you?


Main Menu. Please select an option: 
1. Accounts
2. Apply for new account
3. Employee Menu
4. Exit


New Customer Sign up. Please create a username: 
Create a password: 
Please enter your First Name: 
Please enter your Last Name: 
First Name: bean, 
Last Name: baby, 
Username: jo ,
Password: jo. 
Is this correct? Y/N
User Created!

Redirecting to Customer Menu. New Customers must still apply for a new account.
org.postgresql.util.PSQLException: ERROR: null value in column "id" of relation "customer" violates not-null constraint
  Detail: Failing row contains (null, jo, ?, ?, ?, 5).
com.bbank.exception.BusinessException: Internal error occurred. Contact SystemAdmin.
Signing in.


New Customer Sign up. Please create a username: 
Welcome to BBank. How can we assist you?


Main Menu. Please select an option: 
1. Accounts
2. Apply for new account
3. Employee Menu
4. Exit
Invalid Entry!
Thank you. Have a wonderful day.


Main Menu. Please select an option: 
1. Accounts
2. Apply for new account
3. Employee Menu
4. Exit
Invalid Entry!
Thank you. Have a wonderful day.


Main Menu. Please select an option: 
1. Accounts
2. Apply for new account
3. Employee Menu
4. Exit
Invalid Entry!
Thank you. Have a wonderful day.


Main Menu. Please select an option: 
1. Accounts
2. Apply for new account
3. Employee Menu
4. Exit
Invalid Entry!
Thank you. Have a wonderful day.


Main Menu. Please select an option: 
1. Accounts
2. Apply for new account
3. Employee Menu
4. Exit
Invalid Entry!
Thank you. Have a wonderful day.


Main Menu. Please select an option: 
1. Accounts
2. Apply for new account
3. Employee Menu
4. Exit
Invalid Entry!
Thank you. Have a wonderful day.


Main Menu. Please select an option: 
1. Accounts
2. Apply for new account
3. Employee Menu
4. Exit
Invalid Entry!
Thank you. Have a wonderful day.


Main Menu. Please select an option: 
1. Accounts
2. Apply for new account
3. Employee Menu
4. Exit
Invalid Entry!
Thank you. Have a wonderful day.


Main Menu. Please select an option: 
1. Accounts
2. Apply for new account
3. Employee Menu
4. Exit
Welcome to BBank. How can we assist you?


Main Menu. Please select an option: 
1. Accounts
2. Apply for new account
3. Employee Menu
4. Exit


New Customer Sign up. Please create a username: 
Create a password: 
Please enter your First Name: 
Please enter your Last Name: 
First Name: mo, 
Last Name: mi, 
Username: me ,
Password: ma. 
Is this correct? Y/N
User Created!

Redirecting to Customer Menu. New Customers must still apply for a new account.
org.postgresql.util.PSQLException: ERROR: column "first_name" of relation "customer" does not exist
  Position: 29
com.bbank.exception.BusinessException: Internal error occurred. Contact SystemAdmin.
Signing in.


New Customer Sign up. Please create a username: 
Welcome to BBank. How can we assist you?


Main Menu. Please select an option: 
1. Accounts
2. Apply for new account
3. Employee Menu
4. Exit


New Customer Sign up. Please create a username: 
Create a password: 
Please enter your First Name: 
Please enter your Last Name: 
First Name: Mr, 
Last Name: Bean, 
Username: Jo ,
Password: Jo. 
Is this correct? Y/N
User Created!

Redirecting to Customer Menu. New Customers must still apply for a new account.
org.postgresql.util.PSQLException: No results were returned by the query.
com.bbank.exception.BusinessException: Internal error occurred. Contact SystemAdmin.
Signing in.


New Customer Sign up. Please create a username: 
Welcome to BBank. How can we assist you?


Main Menu. Please select an option: 
1. Accounts
2. Apply for new account
3. Employee Menu
4. Exit


New Customer Sign up. Please create a username: 
Create a password: 
Please enter your First Name: 
Please enter your Last Name: 
First Name: Thing, 
Last Name: Ohyeah, 
Username: Mean ,
Password: Stupid. 
Is this correct? Y/N
User Created!

Redirecting to Customer Menu. New Customers must still apply for a new account.
org.postgresql.util.PSQLException: No results were returned by the query.
com.bbank.exception.BusinessException: Internal error occurred. Contact SystemAdmin.
Signing in.


New Customer Sign up. Please create a username: 
Welcome to BBank. How can we assist you?


Main Menu. Please select an option: 
1. Accounts
2. Apply for new account
3. Employee Menu
4. Exit


New Customer Sign up. Please create a username: 
Create a password: 
Please enter your First Name: 
Please enter your Last Name: 
First Name: going, 
Last Name: on, 
Username: What ,
Password: is. 
Is this correct? Y/N
User Created!

Redirecting to Customer Menu. New Customers must still apply for a new account.
org.postgresql.util.PSQLException: No results were returned by the query.
com.bbank.exception.BusinessException: Internal error occurred. Contact SystemAdmin.
Signing in.


New Customer Sign up. Please create a username: 
Welcome to BBank. How can we assist you?


Main Menu. Please select an option: 
1. Accounts
2. Apply for new account
3. Employee Menu
4. Exit


New Customer Sign up. Please create a username: 
Create a password: 
Please enter your First Name: 
Please enter your Last Name: 
First Name: are, 
Last Name: you, 
Username: hello ,
Password: how. 
Is this correct? Y/N
User Created!

Redirecting to Customer Menu. New Customers must still apply for a new account.
org.postgresql.util.PSQLException: No results were returned by the query.
com.bbank.exception.BusinessException: Internal error occurred. Contact SystemAdmin.
Signing in.


New Customer Sign up. Please create a username: 
Welcome to BBank. How can we assist you?


Main Menu. Please select an option: 
1. Accounts
2. Apply for new account
3. Employee Menu
4. Exit


New Customer Sign up. Please create a username: 
Create a password: 
Please enter your First Name: 
Please enter your Last Name: 
First Name: 4, 
Last Name: 5, 
Username: 2 ,
Password: 3. 
Is this correct? Y/N
User Created!

Redirecting to Customer Menu. New Customers must still apply for a new account.
org.postgresql.util.PSQLException: No results were returned by the query.
com.bbank.exception.BusinessException: Internal error occurred. Contact SystemAdmin.
Signing in.


New Customer Sign up. Please create a username: 
Create a password: 
Please enter your First Name: 
Please enter your Last Name: 
First Name: you, 
Last Name: rock, 
Username: jojo ,
Password: bean. 
Is this correct? Y/N
User Created!

Redirecting to Customer Menu. New Customers must still apply for a new account.
org.postgresql.util.PSQLException: No results were returned by the query.
com.bbank.exception.BusinessException: Internal error occurred. Contact SystemAdmin.
Signing in.


New Customer Sign up. Please create a username: 
Welcome to BBank. How can we assist you?


Main Menu. Please select an option: 
1. Accounts
2. Apply for new account
3. Employee Menu
4. Exit


New Customer Sign up. Please create a username: 
Create a password: 
Please enter your First Name: 
Please enter your Last Name: 
First Name: go, 
Last Name: again, 
Username: Here ,
Password: we. 
Is this correct? Y/N
User Created!

Redirecting to Customer Menu. New Customers must still apply for a new account.
org.postgresql.util.PSQLException: No results were returned by the query.
com.bbank.exception.BusinessException: Internal error occurred. Contact SystemAdmin.
Signing in.


Main Menu. Please select an option: 
1. Accounts
2. Apply for new account
3. Employee Menu
4. Exit


Welcome back. Please enter username: 
Or type exit to return to main menu.

Thank you, here . Enter your password
org.postgresql.util.PSQLException: ERROR: relation "public.customer" does not exist
  Position: 50
Internal error occurred. Contact SystemAdmin.
Signing in.


Customer Main Menu. Please select an option: 
1. Accounts
2. Apply for new account
3. Back
Returning to Main Menu


Main Menu. Please select an option: 
1. Accounts
2. Apply for new account
3. Employee Menu
4. Exit


Welcome back. Please enter username: 
Or type exit to return to main menu.

Thank you, here . Enter your password
org.postgresql.util.PSQLException: ERROR: relation "public.customer" does not exist
  Position: 50
Internal error occurred. Contact SystemAdmin.
Signing in.


Customer Main Menu. Please select an option: 
1. Accounts
2. Apply for new account
3. Back
Welcome to BBank. How can we assist you?


Main Menu. Please select an option: 
1. Accounts
2. Apply for new account
3. Employee Menu
4. Exit


Welcome back. Please enter username: 
Or type exit to return to main menu.

Thank you, 1 . Enter your password
No customer found with username: 1
Signing in.


Customer Main Menu. Please select an option: 
1. Accounts
2. Apply for new account
3. Back


Customer Account Menu. Please select an option: 
1. Accounts
2. Open new accounts
3. Deposit or withdraw
4. Back
Connecting to database......


Customer Account Menu. Please select an option: 
1. Accounts
2. Open new accounts
3. Deposit or withdraw
4. Back
Returning to Main Menu


Customer Account Menu. Please select an option: 
1. Accounts
2. Open new accounts
3. Deposit or withdraw
4. Back
Returning to Main Menu


Customer Account Menu. Please select an option: 
1. Accounts
2. Open new accounts
3. Deposit or withdraw
4. Back
Returning to Main Menu


Customer Account Menu. Please select an option: 
1. Accounts
2. Open new accounts
3. Deposit or withdraw
4. Back
Returning to Main Menu


Customer Account Menu. Please select an option: 
1. Accounts
2. Open new accounts
3. Deposit or withdraw
4. Back
Returning to Main Menu


Customer Account Menu. Please select an option: 
1. Accounts
2. Open new accounts
3. Deposit or withdraw
4. Back
Invalid Entry!
Returning to Main Menu


Customer Account Menu. Please select an option: 
1. Accounts
2. Open new accounts
3. Deposit or withdraw
4. Back
Invalid Entry!
Returning to Main Menu


Customer Account Menu. Please select an option: 
1. Accounts
2. Open new accounts
3. Deposit or withdraw
4. Back
Invalid Entry!
Returning to Main Menu


Customer Account Menu. Please select an option: 
1. Accounts
2. Open new accounts
3. Deposit or withdraw
4. Back
Invalid Entry!
Returning to Main Menu


Customer Account Menu. Please select an option: 
1. Accounts
2. Open new accounts
3. Deposit or withdraw
4. Back
Invalid Entry!
Returning to Main Menu


Customer Account Menu. Please select an option: 
1. Accounts
2. Open new accounts
3. Deposit or withdraw
4. Back
Invalid Entry!
Returning to Main Menu


Customer Account Menu. Please select an option: 
1. Accounts
2. Open new accounts
3. Deposit or withdraw
4. Back
Welcome to BBank. How can we assist you?


Main Menu. Please select an option: 
1. Accounts
2. Apply for new account
3. Employee Menu
4. Exit


Welcome back. Please enter username: 
Or type exit to return to main menu.

Thank you, jojo . Enter your password
com.bbank.exception.BusinessException
Signing in.


Customer Main Menu. Please select an option: 
1. Accounts
2. Apply for new account
3. Back
Invalid Entry!
Thank you. Have a wonderful day.


Customer Main Menu. Please select an option: 
1. Accounts
2. Apply for new account
3. Back
Invalid Entry!
Thank you. Have a wonderful day.


Customer Main Menu. Please select an option: 
1. Accounts
2. Apply for new account
3. Back
Invalid Entry!
Thank you. Have a wonderful day.


Customer Main Menu. Please select an option: 
1. Accounts
2. Apply for new account
3. Back
Invalid Entry!
Thank you. Have a wonderful day.


Customer Main Menu. Please select an option: 
1. Accounts
2. Apply for new account
3. Back
Invalid Entry!
Thank you. Have a wonderful day.


Customer Main Menu. Please select an option: 
1. Accounts
2. Apply for new account
3. Back
Invalid Entry!
Thank you. Have a wonderful day.


Customer Main Menu. Please select an option: 
1. Accounts
2. Apply for new account
3. Back
Invalid Entry!
Thank you. Have a wonderful day.


Customer Main Menu. Please select an option: 
1. Accounts
2. Apply for new account
3. Back
Invalid Entry!
Thank you. Have a wonderful day.


Customer Main Menu. Please select an option: 
1. Accounts
2. Apply for new account
3. Back
Invalid Entry!
Thank you. Have a wonderful day.


Customer Main Menu. Please select an option: 
1. Accounts
2. Apply for new account
3. Back
Invalid Entry!
Thank you. Have a wonderful day.


Customer Main Menu. Please select an option: 
1. Accounts
2. Apply for new account
3. Back
Invalid Entry!
Thank you. Have a wonderful day.


Customer Main Menu. Please select an option: 
1. Accounts
2. Apply for new account
3. Back
Invalid Entry!
Thank you. Have a wonderful day.


Customer Main Menu. Please select an option: 
1. Accounts
2. Apply for new account
3. Back
Invalid Entry!
Thank you. Have a wonderful day.


Customer Main Menu. Please select an option: 
1. Accounts
2. Apply for new account
3. Back
Invalid Entry!
Thank you. Have a wonderful day.


Customer Main Menu. Please select an option: 
1. Accounts
2. Apply for new account
3. Back
Invalid Entry!
Thank you. Have a wonderful day.


Customer Main Menu. Please select an option: 
1. Accounts
2. Apply for new account
3. Back
Invalid Entry!
Thank you. Have a wonderful day.


Customer Main Menu. Please select an option: 
1. Accounts
2. Apply for new account
3. Back
Invalid Entry!
Thank you. Have a wonderful day.


Customer Main Menu. Please select an option: 
1. Accounts
2. Apply for new account
3. Back
Invalid Entry!
Thank you. Have a wonderful day.


Customer Main Menu. Please select an option: 
1. Accounts
2. Apply for new account
3. Back
Invalid Entry!
Thank you. Have a wonderful day.


Customer Main Menu. Please select an option: 
1. Accounts
2. Apply for new account
3. Back
Invalid Entry!
Thank you. Have a wonderful day.


Customer Main Menu. Please select an option: 
1. Accounts
2. Apply for new account
3. Back
Invalid Entry!
Thank you. Have a wonderful day.


Customer Main Menu. Please select an option: 
1. Accounts
2. Apply for new account
3. Back
Invalid Entry!
Thank you. Have a wonderful day.


Customer Main Menu. Please select an option: 
1. Accounts
2. Apply for new account
3. Back
Invalid Entry!
Thank you. Have a wonderful day.


Customer Main Menu. Please select an option: 
1. Accounts
2. Apply for new account
3. Back
Invalid Entry!
Thank you. Have a wonderful day.


Customer Main Menu. Please select an option: 
1. Accounts
2. Apply for new account
3. Back
Invalid Entry!
Thank you. Have a wonderful day.


Customer Main Menu. Please select an option: 
1. Accounts
2. Apply for new account
3. Back
Invalid Entry!
Thank you. Have a wonderful day.


Customer Main Menu. Please select an option: 
1. Accounts
2. Apply for new account
3. Back
Invalid Entry!
Thank you. Have a wonderful day.


Customer Main Menu. Please select an option: 
1. Accounts
2. Apply for new account
3. Back
Invalid Entry!
Thank you. Have a wonderful day.


Customer Main Menu. Please select an option: 
1. Accounts
2. Apply for new account
3. Back
Invalid Entry!
Thank you. Have a wonderful day.


Customer Main Menu. Please select an option: 
1. Accounts
2. Apply for new account
3. Back
Invalid Entry!
Thank you. Have a wonderful day.


Customer Main Menu. Please select an option: 
1. Accounts
2. Apply for new account
3. Back
Invalid Entry!
Thank you. Have a wonderful day.


Customer Main Menu. Please select an option: 
1. Accounts
2. Apply for new account
3. Back
Invalid Entry!
Thank you. Have a wonderful day.


Customer Main Menu. Please select an option: 
1. Accounts
2. Apply for new account
3. Back
Invalid Entry!
Thank you. Have a wonderful day.


Customer Main Menu. Please select an option: 
1. Accounts
2. Apply for new account
3. Back
Invalid Entry!
Thank you. Have a wonderful day.


Customer Main Menu. Please select an option: 
1. Accounts
2. Apply for new account
3. Back
Invalid Entry!
Thank you. Have a wonderful day.


Customer Main Menu. Please select an option: 
1. Accounts
2. Apply for new account
3. Back
Invalid Entry!
Thank you. Have a wonderful day.


Customer Main Menu. Please select an option: 
1. Accounts
2. Apply for new account
3. Back
Invalid Entry!
Thank you. Have a wonderful day.


Customer Main Menu. Please select an option: 
1. Accounts
2. Apply for new account
3. Back
Invalid Entry!
Thank you. Have a wonderful day.


Customer Main Menu. Please select an option: 
1. Accounts
2. Apply for new account
3. Back
Invalid Entry!
Thank you. Have a wonderful day.


Customer Main Menu. Please select an option: 
1. Accounts
2. Apply for new account
3. Back
Invalid Entry!
Thank you. Have a wonderful day.


Customer Main Menu. Please select an option: 
1. Accounts
2. Apply for new account
3. Back
Invalid Entry!
Thank you. Have a wonderful day.


Customer Main Menu. Please select an option: 
1. Accounts
2. Apply for new account
3. Back
Invalid Entry!
Thank you. Have a wonderful day.


Customer Main Menu. Please select an option: 
1. Accounts
2. Apply for new account
3. Back
Invalid Entry!
Thank you. Have a wonderful day.


Customer Main Menu. Please select an option: 
1. Accounts
2. Apply for new account
3. Back
Invalid Entry!
Thank you. Have a wonderful day.


Customer Main Menu. Please select an option: 
1. Accounts
2. Apply for new account
3. Back
Invalid Entry!
Thank you. Have a wonderful day.


Customer Main Menu. Please select an option: 
1. Accounts
2. Apply for new account
3. Back
Invalid Entry!
Thank you. Have a wonderful day.


Customer Main Menu. Please select an option: 
1. Accounts
2. Apply for new account
3. Back
Invalid Entry!
Thank you. Have a wonderful day.


Customer Main Menu. Please select an option: 
1. Accounts
2. Apply for new account
3. Back
Invalid Entry!
Thank you. Have a wonderful day.


Customer Main Menu. Please select an option: 
1. Accounts
2. Apply for new account
3. Back
Invalid Entry!
Thank you. Have a wonderful day.


Customer Main Menu. Please select an option: 
1. Accounts
2. Apply for new account
3. Back
Invalid Entry!
Thank you. Have a wonderful day.


Customer Main Menu. Please select an option: 
1. Accounts
2. Apply for new account
3. Back
Invalid Entry!
Thank you. Have a wonderful day.


Customer Main Menu. Please select an option: 
1. Accounts
2. Apply for new account
3. Back
Invalid Entry!
Thank you. Have a wonderful day.


Customer Main Menu. Please select an option: 
1. Accounts
2. Apply for new account
3. Back
Invalid Entry!
Thank you. Have a wonderful day.


Customer Main Menu. Please select an option: 
1. Accounts
2. Apply for new account
3. Back
Invalid Entry!
Thank you. Have a wonderful day.


Customer Main Menu. Please select an option: 
1. Accounts
2. Apply for new account
3. Back
Invalid Entry!
Thank you. Have a wonderful day.


Customer Main Menu. Please select an option: 
1. Accounts
2. Apply for new account
3. Back
Invalid Entry!
Thank you. Have a wonderful day.


Customer Main Menu. Please select an option: 
Welcome to BBank. How can we assist you?


Main Menu. Please select an option: 
1. Accounts
2. Apply for new account
3. Employee Menu
4. Exit


New Customer Sign up. Please create a username: 
Welcome to BBank. How can we assist you?


Main Menu. Please select an option: 
1. Accounts
2. Apply for new account
3. Employee Menu
4. Exit


New Customer Sign up.
 Please enter your First name: 
Please enter your Last name: 
Please create a username: 
Please create your password: 
First Name: Kyle, 
Last Name: Bond, 
Username: jojo ,
Password: bean. 
Is this correct? Y/N
User Created!

Redirecting to Customer Menu. New Customers must still apply for a new account.
org.postgresql.util.PSQLException: No results were returned by the query.
com.bbank.exception.BusinessException: Internal error occurred. Contact SystemAdmin.
Signing in.


Main Menu. Please select an option: 
1. Accounts
2. Apply for new account
3. Employee Menu
4. Exit


Welcome back. Please enter username: 
Or type exit to return to main menu.

Thank you, jojo . Enter your password
com.bbank.exception.BusinessException
Signing in.


Customer Main Menu. Please select an option: 
1. Accounts
2. Apply for new account
3. Back


Customer Account Menu. Please select an option: 
1. Accounts
2. Open new accounts
3. Deposit or withdraw
4. Back
Welcome to BBank. How can we assist you?


Main Menu. Please select an option: 
1. Accounts
2. Apply for new account
3. Employee Menu
4. Exit


Welcome back. Please enter username: 
Or type exit to return to main menu.

Thank you, lkjhhlk . Enter your password
No customer found with username: lkjhhlk
Signing in.


Customer Main Menu. Please select an option: 
1. Accounts Menu
2. Apply for new account
3. Back


Customer Main Menu. Please select an option: 
1. Accounts Menu
2. Apply for new account
3. Back


Customer Account Menu. Please select an option: 
1. Accounts
2. Open new accounts
3. Deposit or withdraw
4. Back
Invalid Entry!
Returning to Main Menu


Customer Account Menu. Please select an option: 
1. Accounts
2. Open new accounts
3. Deposit or withdraw
4. Back
Invalid Entry!
Returning to Main Menu


Customer Account Menu. Please select an option: 
1. Accounts
2. Open new accounts
3. Deposit or withdraw
4. Back
Invalid Entry!
Returning to Main Menu


Customer Account Menu. Please select an option: 
1. Accounts
2. Open new accounts
3. Deposit or withdraw
4. Back
Invalid Entry!
Returning to Main Menu


Customer Account Menu. Please select an option: 
1. Accounts
2. Open new accounts
3. Deposit or withdraw
4. Back
Invalid Entry!
Returning to Main Menu


Customer Account Menu. Please select an option: 
1. Accounts
2. Open new accounts
3. Deposit or withdraw
4. Back
Invalid Entry!
Returning to Main Menu


Customer Account Menu. Please select an option: 
1. Accounts
2. Open new accounts
3. Deposit or withdraw
4. Back
Invalid Entry!
Returning to Main Menu
Welcome to BBank. How can we assist you?


Main Menu. Please select an option: 
1. Accounts
2. Apply for new account
3. Employee Menu
4. Exit


Welcome back. Please enter username: 
Or type exit to return to main menu.

Thank you, ko . Enter your password
No customer found with username: ko
Signing in.


Customer Main Menu. Please select an option: 
1. Accounts Menu
2. Apply for new account
3. Back


Customer Main Menu. Please select an option: 
1. Accounts Menu
2. Apply for new account
3. Back


Customer Account Menu. Please select an option: 
1. Accounts
2. Open new accounts
3. Deposit or withdraw
4. Back


New Customer Sign up.
 Please enter your First name: 
Please enter your Last name: 
Please create a username: 
Please create your password: 
First Name: Kyle, 
Last Name: Bond, 
Username: ojoj ,
Password: okjokj. 
Is this correct? Y/N
User Created!

Redirecting to Customer Menu. New Customers must still apply for a new account.
org.postgresql.util.PSQLException: No results were returned by the query.
com.bbank.exception.BusinessException: Internal error occurred. Contact SystemAdmin.
Signing in.


Customer Account Menu. Please select an option: 
1. Accounts
2. Open new accounts
3. Deposit or withdraw
4. Back
Welcome to BBank. How can we assist you?


Main Menu. Please select an option: 
1. Accounts
2. Apply for new account
3. Employee Menu
4. Exit
Welcome to BBank. How can we assist you?


Main Menu. Please select an option: 
1. Accounts
2. Apply for new account
3. Employee Menu
4. Exit


Welcome back. Please enter username: 
Or type exit to return to main menu.

Thank you, okok . Enter your password
No customer found with username: okok
Signing in.


Customer Main Menu. Please select an option: 
1. Accounts Menu
2. Apply for new account
3. Back

New Account Creation.
What type of account would you like to create?

 Please type 'Checking' or 'Savings'. Or if you want to exit, type 'Exit'
How much would you like to deposit?
You want to deposit $500 into your Checking. Is that correct? Y/N
Account Created!
org.postgresql.util.PSQLException: No value specified for parameter 3.
com.bbank.exception.BusinessException: Internal error occurred. Contact SystemAdmin.
Congratulations!


Customer Main Menu. Please select an option: 
1. Accounts Menu
2. Apply for new account
3. Back


Customer Account Menu. Please select an option: 
1. Accounts
2. Open new accounts
3. Deposit or withdraw
4. Back
Connecting to database......


Customer Account Menu. Please select an option: 
1. Accounts
2. Open new accounts
3. Deposit or withdraw
4. Back
Welcome to BBank. How can we assist you?


Main Menu. Please select an option: 
1. Accounts
2. Apply for new account
3. Employee Menu
4. Exit


Welcome back. Please enter username: 
Or type exit to return to main menu.

Thank you, jojo . Enter your password
No customer found with username: jojo
Signing in.


Customer Main Menu. Please select an option: 
1. Accounts Menu
2. Apply for new account
3. Back

New Account Creation.
What type of account would you like to create?

 Please type 'Checking' or 'Savings'. Or if you want to exit, type 'Exit'
How much would you like to deposit?
You want to deposit $500 into your Checking. Is that correct? Y/N
Account Created!
org.postgresql.util.PSQLException: No value specified for parameter 3.
com.bbank.exception.BusinessException: Internal error occurred. Contact SystemAdmin.
Congratulations!


Customer Main Menu. Please select an option: 
1. Accounts Menu
2. Apply for new account
3. Back

New Account Creation.
What type of account would you like to create?

 Please type 'Checking' or 'Savings'. Or if you want to exit, type 'Exit'
How much would you like to deposit?
You want to deposit $500 into your Checking. Is that correct? Y/N
Account Created!
org.postgresql.util.PSQLException: No value specified for parameter 3.
com.bbank.exception.BusinessException: Internal error occurred. Contact SystemAdmin.
Congratulations!


Customer Main Menu. Please select an option: 
1. Accounts Menu
2. Apply for new account
3. Back
Welcome to BBank. How can we assist you?


Main Menu. Please select an option: 
1. Accounts
2. Apply for new account
3. Employee Menu
4. Exit


Welcome back. Please enter username: 
Or type exit to return to main menu.

Thank you, jojo . Enter your password
No customer found with username: jojo
Signing in.


Customer Main Menu. Please select an option: 
1. Accounts Menu
2. Apply for new account
3. Back

New Account Creation.
What type of account would you like to create?

 Please type 'Checking' or 'Savings'. Or if you want to exit, type 'Exit'
How much would you like to deposit?
You want to deposit $500 into your Checking. Is that correct? Y/N
Account Created!
org.postgresql.util.PSQLException: ERROR: column "amount" is of type numeric but expression is of type character varying
  Hint: You will need to rewrite or cast the expression.
  Position: 63
com.bbank.exception.BusinessException: Internal error occurred. Contact SystemAdmin.
Congratulations!


Customer Main Menu. Please select an option: 
1. Accounts Menu
2. Apply for new account
3. Back
Welcome to BBank. How can we assist you?


Main Menu. Please select an option: 
1. Accounts
2. Apply for new account
3. Employee Menu
4. Exit


New Customer Sign up.
 Please enter your First name: 
Please enter your Last name: 
Please create a username: 
Please create your password: 
First Name: Kyle, 
Last Name: Bond, 
Username: jojo ,
Password: jojo. 
Is this correct? Y/N
User Created!

Redirecting to Customer Menu. New Customers must still apply for a new account.
org.postgresql.util.PSQLException: No results were returned by the query.
com.bbank.exception.BusinessException: Internal error occurred. Contact SystemAdmin.
Signing in.


Main Menu. Please select an option: 
1. Accounts
2. Apply for new account
3. Employee Menu
4. Exit


Welcome back. Please enter username: 
Or type exit to return to main menu.

Thank you, jojo . Enter your password
com.bbank.exception.BusinessException
Signing in.


Customer Main Menu. Please select an option: 
1. Accounts Menu
2. Apply for new account
3. Back

New Account Creation.
What type of account would you like to create?

 Please type 'Checking' or 'Savings'. Or if you want to exit, type 'Exit'
How much would you like to deposit?
You want to deposit $500 into your Checking. Is that correct? Y/N
Account Created!
org.postgresql.util.PSQLException: No results were returned by the query.
com.bbank.exception.BusinessException: Internal error occurred. Contact SystemAdmin.
Congratulations!


Customer Main Menu. Please select an option: 
1. Accounts Menu
2. Apply for new account
3. Back
Invalid Entry!
Returning to Main Menu


Customer Account Menu. Please select an option: 
1. Accounts
2. Open new accounts
3. Deposit or withdraw
4. Back
Invalid Entry!
Returning to Main Menu


Customer Account Menu. Please select an option: 
1. Accounts
2. Open new accounts
3. Deposit or withdraw
4. Back
Invalid Entry!
Returning to Main Menu


Customer Account Menu. Please select an option: 
1. Accounts
2. Open new accounts
3. Deposit or withdraw
4. Back
Invalid Entry!
Returning to Main Menu


Customer Account Menu. Please select an option: 
1. Accounts
2. Open new accounts
3. Deposit or withdraw
4. Back
Invalid Entry!
Returning to Main Menu


Customer Account Menu. Please select an option: 
1. Accounts
2. Open new accounts
3. Deposit or withdraw
4. Back
Invalid Entry!
Returning to Main Menu


Customer Account Menu. Please select an option: 
1. Accounts
2. Open new accounts
3. Deposit or withdraw
4. Back
Invalid Entry!
Returning to Main Menu


Customer Account Menu. Please select an option: 
1. Accounts
2. Open new accounts
3. Deposit or withdraw
4. Back
Invalid Entry!
Returning to Main Menu


Customer Account Menu. Please select an option: 
1. Accounts
2. Open new accounts
3. Deposit or withdraw
4. Back
Invalid Entry!
Returning to Main Menu


Customer Account Menu. Please select an option: 
1. Accounts
2. Open new accounts
3. Deposit or withdraw
4. Back
Invalid Entry!
Returning to Main Menu


Customer Account Menu. Please select an option: 
1. Accounts
2. Open new accounts
3. Deposit or withdraw
4. Back
Invalid Entry!
Returning to Main Menu
Invalid Entry!
Returning to Main Menu


Customer Account Menu. Please select an option: 
1. Accounts
2. Open new accounts
3. Deposit or withdraw
4. Back
Invalid Entry!
Returning to Main Menu


Customer Account Menu. Please select an option: 
1. Accounts
2. Open new accounts
3. Deposit or withdraw
4. Back
Invalid Entry!
Returning to Main Menu


Customer Account Menu. Please select an option: 
1. Accounts
2. Open new accounts
Invalid Entry!
Thank you. Have a wonderful day.


Main Menu. Please select an option: 
1. Accounts
2. Apply for new account
3. Employee Menu
4. Exit
Invalid Entry!
Thank you. Have a wonderful day.


Main Menu. Please select an option: 
1. Accounts
2. Apply for new account
3. Employee Menu
4. Exit
Invalid Entry!
Thank you. Have a wonderful day.


Main Menu. Please select an option: 
1. Accounts
2. Apply for new account
3. Employee Menu
4. Exit
Invalid Entry!
Thank you. Have a wonderful day.


Main Menu. Please select an option: 
1. Accounts
2. Apply for new account
3. Employee Menu
4. Exit
Invalid Entry!
Thank you. Have a wonderful day.


Main Menu. Please select an option: 
1. Accounts
2. Apply for new account
3. Employee Menu
4. Exit
Invalid Entry!
Thank you. Have a wonderful day.


Main Menu. Please select an option: 
1. Accounts
2. Apply for new account
3. Employee Menu
4. Exit
Invalid Entry!
Thank you. Have a wonderful day.


Main Menu. Please select an option: 
1. Accounts
2. Apply for new account
3. Employee Menu
4. Exit
Invalid Entry!
Thank you. Have a wonderful day.


Main Menu. Please select an option: 
1. Accounts
2. Apply for new account
3. Employee Menu
4. Exit
Invalid Entry!
Thank you. Have a wonderful day.


Main Menu. Please select an option: 
1. Accounts
2. Apply for new account
3. Employee Menu
4. Exit
Invalid Entry!
Thank you. Have a wonderful day.


Main Menu. Please select an option: 
1. Accounts
2. Apply for new account
3. Employee Menu
4. Exit
Invalid Entry!
Thank you. Have a wonderful day.


Main Menu. Please select an option: 
1. Accounts
2. Apply for new account
3. Employee Menu
4. Exit
Invalid Entry!
Thank you. Have a wonderful day.


Main Menu. Please select an option: 
1. Accounts
2. Apply for new account
3. Employee Menu
4. Exit
Invalid Entry!
Thank you. Have a wonderful day.


Main Menu. Please select an option: 
1. Accounts
2. Apply for new account
3. Employee Menu
4. Exit
Invalid Entry!
Thank you. Have a wonderful day.


Main Menu. Please select an option: 
1. Accounts
2. Apply for new account
3. Employee Menu
4. Exit
Invalid Entry!
Thank you. Have a wonderful day.


Main Menu. Please select an option: 
1. Accounts
2. Apply for new account
3. Employee Menu
4. Exit
Invalid Entry!
Thank you. Have a wonderful day.


Main Menu. Please select an option: 
1. Accounts
2. Apply for new account
3. Employee Menu
4. Exit
Invalid Entry!
Thank you. Have a wonderful day.


Main Menu. Please select an option: 
1. Accounts
2. Apply for new account
3. Employee Menu
4. Exit
Invalid Entry!
Thank you. Have a wonderful day.


Main Menu. Please select an option: 
1. Accounts
2. Apply for new account
3. Employee Menu
4. Exit
Invalid Entry!
Thank you. Have a wonderful day.


Main Menu. Please select an option: 
1. Accounts
2. Apply for new account
3. Employee Menu
4. Exit
Invalid Entry!
Thank you. Have a wonderful day.


Main Menu. Please select an option: 
1. Accounts
2. Apply for new account
3. Employee Menu
4. Exit
Invalid Entry!
Thank you. Have a wonderful day.


Main Menu. Please select an option: 
1. Accounts
2. Apply for new account
3. Employee Menu
4. Exit
Invalid Entry!
Thank you. Have a wonderful day.


Main Menu. Please select an option: 
1. Accounts
2. Apply for new account
3. Employee Menu
4. Exit
Invalid Entry!
Thank you. Have a wonderful day.


Main Menu. Please select an option: 
1. Accounts
2. Apply for new account
3. Employee Menu
4. Exit
Invalid Entry!
Thank you. Have a wonderful day.


Main Menu. Please select an option: 
1. Accounts
2. Apply for new account
3. Employee Menu
4. Exit
Invalid Entry!
Thank you. Have a wonderful day.


Main Menu. Please select an option: 
1. Accounts
2. Apply for new account
3. Employee Menu
4. Exit
Invalid Entry!
Thank you. Have a wonderful day.


Main Menu. Please select an option: 
1. Accounts
2. Apply for new account
3. Employee Menu
4. Exit
Invalid Entry!
Thank you. Have a wonderful day.


Main Menu. Please select an option: 
1. Accounts
2. Apply for new account
3. Employee Menu
4. Exit
Invalid Entry!
Thank you. Have a wonderful day.


Main Menu. Please select an option: 
1. Accounts
2. Apply for new account
3. Employee Menu
4. Exit
Invalid Entry!
Thank you. Have a wonderful day.


Main Menu. Please select an option: 
1. Accounts
2. Apply for new account
3. Employee Menu
4. Exit
Invalid Entry!
Thank you. Have a wonderful day.


Main Menu. Please select an option: 
1. Accounts
2. Apply for new account
3. Employee Menu
4. Exit
Invalid Entry!
Invalid Entry!
Returning to Main Menu


Customer Account Menu. Please select an option: 
1. Accounts
2. Open new accounts
3. Deposit or withdraw
4. Back
Invalid Entry!
Returning to Main Menu


Customer Account Menu. Please select an option: 
1. Accounts
2. Open new accounts
3. Deposit or withdraw
4. Back
Invalid Entry!
Returning to Main Menu


Customer Account Menu. Please select an option: 
1. Accounts
2. Open new accounts
3. Deposit or withdraw
4. Back
Invalid Entry!
Returning to Main Menu


Customer Account Menu. Please select an option: 
1. Accounts
2. Open new accounts
3. Deposit or withdraw
4. Back
Invalid Entry!
Returning to Main Menu


Customer Account Menu. Please select an option: 
1. Accounts
2. Open new accounts
3. Deposit or withdraw
4. Back
Invalid Entry!
Returning to Main Menu


Customer Account Menu. Please select an option: 
1. Accounts
2. Open new accounts
3. Deposit or withdraw
4. Back
Invalid Entry!
Returning to Main Menu


Customer Account Menu. Please select an option: 
1. Accounts
2. Open new accounts
3. Deposit or withdraw
4. Back
Invalid Entry!
Invalid Entry!
Thank you. Have a wonderful day.


Customer Main Menu. Please select an option: 
1. Accounts Menu
2. Apply for new account
3. Back
Invalid Entry!
Thank you. Have a wonderful day.


Customer Main Menu. Please select an option: 
1. Accounts Menu
2. Apply for new account
3. Back
Invalid Entry!
Thank you. Have a wonderful day.


Customer Main Menu. Please select an option: 
1. Accounts Menu
2. Apply for new account
3. Back
Invalid Entry!
Thank you. Have a wonderful day.


Customer Main Menu. Please select an option: 
1. Accounts Menu
2. Apply for new account
3. Back
Invalid Entry!
Thank you. Have a wonderful day.


Customer Main Menu. Please select an option: 
1. Accounts Menu
2. Apply for new account
3. Back
Invalid Entry!
Thank you. Have a wonderful day.


Customer Main Menu. Please select an option: 
1. Accounts Menu
2. Apply for new account
3. Back
Invalid Entry!
Thank you. Have a wonderful day.


Customer Main Menu. Please select an option: 
1. Accounts Menu
2. Apply for new account
3. Back
Invalid Entry!
Thank you. Have a wonderful day.


Customer Main Menu. Please select an option: 
1. Accounts Menu
2. Apply for new account
3. Back
Invalid Entry!
Thank you. Have a wonderful day.


Customer Main Menu. Please select an option: 
1. Accounts Menu
2. Apply for new account
3. Back
Invalid Entry!
Thank you. Have a wonderful day.


Customer Main Menu. Please select an option: 
1. Accounts Menu
2. Apply for new account
3. Back
Invalid Entry!
Thank you. Have a wonderful day.


Customer Main Menu. Please select an option: 
1. Accounts Menu
2. Apply for new account
3. Back
Invalid Entry!
Thank you. Have a wonderful day.


Customer Main Menu. Please select an option: 
1. Accounts Menu
2. Apply for new account
3. Back
Invalid Entry!
Thank you. Have a wonderful day.


Customer Main Menu. Please select an option: 
1. Accounts Menu
2. Apply for new account
3. Back
Invalid Entry!
Thank you. Have a wonderful day.


Customer Main Menu. Please select an option: 
1. Accounts Menu
2. Apply for new account
3. Back
Invalid Entry!
Thank you. Have a wonderful day.


Customer Main Menu. Please select an option: 
1. Accounts Menu
2. Apply for new account
3. Back
Invalid Entry!
Thank you. Have a wonderful day.


Customer Main Menu. Please select an option: 
1. Accounts Menu
2. Apply for new account
3. Back
Invalid Entry!
Thank you. Have a wonderful day.


Customer Main Menu. Please select an option: 
1. Accounts Menu
2. Apply for new account
3. Back
Invalid Entry!
Thank you. Have a wonderful day.


Customer Main Menu. Please select an option: 
1. Accounts Menu
2. Apply for new account
3. Back
Invalid Entry!
Thank you. Have a wonderful day.


Customer Main Menu. Please select an option: 
1. Accounts Menu
2. Apply for new account
3. Back
Invalid Entry!
Thank you. Have a wonderful day.


Customer Main Menu. Please select an option: 
1. Accounts Menu
2. Apply for new account
3. Back
Invalid Entry!
Thank you. Have a wonderful day.


Customer Main Menu. Please select an option: 
1. Accounts Menu
2. Apply for new account
3. Back
Invalid Entry!
Thank you. Have a wonderful day.


Customer Main Menu. Please select an option: 
1. Accounts Menu
2. Apply for new account
3. Back
Invalid Entry!
Thank you. Have a wonderful day.


Customer Main Menu. Please select an option: 
1. Accounts Menu
2. Apply for new account
3. Back
Invalid Entry!
Thank you. Have a wonderful day.


Customer Main Menu. Please select an option: 
1. Accounts Menu
2. Apply for new account
3. Back
Invalid Entry!
Thank you. Have a wonderful day.


Customer Main Menu. Please select an option: 
1. Accounts Menu
2. Apply for new account
3. Back
Invalid Entry!
Thank you. Have a wonderful day.


Customer Main Menu. Please select an option: 
1. Accounts Menu
2. Apply for new account
3. Back
Invalid Entry!
Thank you. Have a wonderful day.


Customer Main Menu. Please select an option: 
1. Accounts Menu
2. Apply for new account
3. Back
Invalid Entry!
Thank you. Have a wonderful day.


Customer Main Menu. Please select an option: 
1. Accounts Menu
2. Apply for new account
3. Back
Invalid Entry!
Thank you. Have a wonderful day.


Customer Main Menu. Please select an option: 
1. Accounts Menu
2. Apply for new account
3. Back
Invalid Entry!
Thank you. Have a wonderful day.


Customer Main Menu. Please select an option: 
1. Accounts Menu
2. Apply for new account
3. Back
Invalid Entry!
Thank you. Have a wonderful day.


Customer Main Menu. Please select an option: 
1. Accounts Menu
2. Apply for new account
3. Back
Invalid Entry!
Thank you. Have a wonderful day.


Customer Main Menu. Please select an option: 
1. Accounts Menu
2. Apply for new account
3. Back
Invalid Entry!
Thank you. Have a wonderful day.


Customer Main Menu. Please select an option: 
1. Accounts Menu
2. Apply for new account
3. Back
Invalid Entry!
Thank you. Have a wonderful day.


Customer Main Menu. Please select an option: 
1. Accounts Menu
2. Apply for new account
3. Back
Invalid Entry!
Thank you. Have a wonderful day.


Customer Main Menu. Please select an option: 
1. Accounts Menu
2. Apply for new account
3. Back
Invalid Entry!
Thank you. Have a wonderful day.


Customer Main Menu. Please select an option: 
1. Accounts Menu
2. Apply for new account
3. Back
Invalid Entry!
Thank you. Have a wonderful day.


Customer Main Menu. Please select an option: 
Invalid Entry!
Thank you. Have a wonderful day.


Customer Main Menu. Please select an option: 
1. Accounts Menu
2. Apply for new account
3. Back
Invalid Entry!
Thank you. Have a wonderful day.


Customer Main Menu. Please select an option: 
1. Accounts Menu
2. Apply for new account
3. Back
Invalid Entry!
Thank you. Have a wonderful day.


Customer Main Menu. Please select an option: 
1. Accounts Menu
2. Apply for new account
3. Back
Invalid Entry!
Thank you. Have a wonderful day.


Customer Main Menu. Please select an option: 
1. Accounts Menu
2. Apply for new account
3. Back
Invalid Entry!
Thank you. Have a wonderful day.


Customer Main Menu. Please select an option: 
1. Accounts Menu
2. Apply for new account
3. Back
Invalid Entry!
Thank you. Have a wonderful day.


Customer Main Menu. Please select an option: 
1. Accounts Menu
2. Apply for new account
3. Back
Invalid Entry!
Thank you. Have a wonderful day.


Customer Main Menu. Please select an option: 
1. Accounts Menu
2. Apply for new account
3. Back
Invalid Entry!
Thank you. Have a wonderful day.


Customer Main Menu. Please select an option: 
1. Accounts Menu
2. Apply for new account
3. Back
Invalid Entry!
Thank you. Have a wonderful day.


Customer Main Menu. Please select an option: 
1. Accounts Menu
2. Apply for new account
3. Back
Invalid Entry!
Thank you. Have a wonderful day.


Customer Main Menu. Please select an option: 
1. Accounts Menu
2. Apply for new account
3. Back
Invalid Entry!
Thank you. Have a wonderful day.


Customer Main Menu. Please select an option: 
1. Accounts Menu
2. Apply for new account
3. Back
Invalid Entry!
Thank you. Have a wonderful day.


Customer Main Menu. Please select an option: 
1. Accounts Menu
2. Apply for new account
3. Back
Invalid Entry!
Thank you. Have a wonderful day.


Customer Main Menu. Please select an option: 
1. Accounts Menu
2. Apply for new account
3. Back
Invalid Entry!
Thank you. Have a wonderful day.


Customer Main Menu. Please select an option: 
1. Accounts Menu
2. Apply for new account
3. Back
Invalid Entry!
Thank you. Have a wonderful day.


Customer Main Menu. Please select an option: 
1. Accounts Menu
2. Apply for new account
3. Back
Invalid Entry!
Thank you. Have a wonderful day.


Customer Main Menu. Please select an option: 
1. Accounts Menu
2. Apply for new account
3. Back
Invalid Entry!
Thank you. Have a wonderful day.


Customer Main Menu. Please select an option: 
1. Accounts Menu
2. Apply for new account
3. Back
Invalid Entry!
Thank you. Have a wonderful day.


Customer Main Menu. Please select an option: 
1. Accounts Menu
2. Apply for new account
3. Back
Invalid Entry!
Thank you. Have a wonderful day.


Customer Main Menu. Please select an option: 
1. Accounts Menu
2. Apply for new account
3. Back
Invalid Entry!
Thank you. Have a wonderful day.


Customer Main Menu. Please select an option: 
1. Accounts Menu
2. Apply for new account
3. Back
Invalid Entry!
Thank you. Have a wonderful day.


Customer Main Menu. Please select an option: 
1. Accounts Menu
2. Apply for new account
3. Back
Invalid Entry!
Thank you. Have a wonderful day.


Customer Main Menu. Please select an option: 
1. Accounts Menu
2. Apply for new account
3. Back
Invalid Entry!
Thank you. Have a wonderful day.


Customer Main Menu. Please select an option: 
Invalid Entry!
Thank you. Have a wonderful day.


Customer Main Menu. Please select an option: 
1. Accounts Menu
2. Apply for new account
3. Back
Invalid Entry!
Thank you. Have a wonderful day.


Customer Main Menu. Please select an option: 
1. Accounts Menu
2. Apply for new account
3. Back
Invalid Entry!
Thank you. Have a wonderful day.


Customer Main Menu. Please select an option: 
1. Accounts Menu
2. Apply for new account
3. Back
Invalid Entry!
Thank you. Have a wonderful day.


Customer Main Menu. Please select an option: 
1. Accounts Menu
2. Apply for new account
3. Back
Invalid Entry!
Thank you. Have a wonderful day.


Customer Main Menu. Please select an option: 
1. Accounts Menu
2. Apply for new account
3. Back
Invalid Entry!
Thank you. Have a wonderful day.


Customer Main Menu. Please select an option: 
1. Accounts Menu
2. Apply for new account
3. Back
Invalid Entry!
Thank you. Have a wonderful day.


Customer Main Menu. Please select an option: 
1. Accounts Menu
2. Apply for new account
3. Back
Invalid Entry!
Thank you. Have a wonderful day.


Customer Main Menu. Please select an option: 
1. Accounts Menu
2. Apply for new account
3. Back
Invalid Entry!
Thank you. Have a wonderful day.


Customer Main Menu. Please select an option: 
1. Accounts Menu
2. Apply for new account
3. Back
Invalid Entry!
Thank you. Have a wonderful day.


Customer Main Menu. Please select an option: 
1. Accounts Menu
2. Apply for new account
3. Back
Invalid Entry!
Thank you. Have a wonderful day.


Customer Main Menu. Please select an option: 
1. Accounts Menu
2. Apply for new account
3. Back
Invalid Entry!
Thank you. Have a wonderful day.


Customer Main Menu. Please select an option: 
1. Accounts Menu
2. Apply for new account
3. Back
Invalid Entry!
Thank you. Have a wonderful day.


Customer Main Menu. Please select an option: 
1. Accounts Menu
2. Apply for new account
3. Back
Invalid Entry!
Thank you. Have a wonderful day.


Customer Main Menu. Please select an option: 
1. Accounts Menu
2. Apply for new account
3. Back
Invalid Entry!
Thank you. Have a wonderful day.


Customer Main Menu. Please select an option: 
1. Accounts Menu
2. Apply for new account
3. Back
Invalid Entry!
Thank you. Have a wonderful day.


Customer Main Menu. Please select an option: 
1. Accounts Menu
2. Apply for new account
3. Back
Invalid Entry!
Thank you. Have a wonderful day.


Customer Main Menu. Please select an option: 
1. Accounts Menu
2. Apply for new account
3. Back
Invalid Entry!
Thank you. Have a wonderful day.


Customer Main Menu. Please select an option: 
1. Accounts Menu
2. Apply for new account
3. Back
Invalid Entry!
Thank you. Have a wonderful day.


Customer Main Menu. Please select an option: 
1. Accounts Menu
2. Apply for new account
3. Back
Invalid Entry!
Thank you. Have a wonderful day.


Customer Main Menu. Please select an option: 
1. Accounts Menu
2. Apply for new account
3. Back
Invalid Entry!
Thank you. Have a wonderful day.


Customer Main Menu. Please select an option: 
1. Accounts Menu
2. Apply for new account
3. Back
Invalid Entry!
Thank you. Have a wonderful day.


Customer Main Menu. Please select an option: 
1. Accounts Menu
2. Apply for new account
3. Back
Invalid Entry!
Thank you. Have a wonderful day.


Customer Main Menu. Please select an option: 
1. Accounts Menu
2. Apply for new account
3. Back
Invalid Entry!
Thank you. Have a wonderful day.


Customer Main Menu. Please select an option: 
1. Accounts Menu
2. Apply for new account
3. Back
Invalid Entry!
Thank you. Have a wonderful day.


Customer Main Menu. Please select an option: 
1. Accounts Menu
2. Apply for new account
3. Back
Invalid Entry!
Thank you. Have a wonderful day.


Customer Main Menu. Please select an option: 
1. Accounts Menu
2. Apply for new account
3. Back
Invalid Entry!
Thank you. Have a wonderful day.


Customer Main Menu. Please select an option: 
1. Accounts Menu
2. Apply for new account
3. Back
Invalid Entry!
Thank you. Have a wonderful day.


Customer Main Menu. Please select an option: 
1. Accounts Menu
2. Apply for new account
3. Back
Invalid Entry!
Thank you. Have a wonderful day.


Customer Main Menu. Please select an option: 
1. Accounts Menu
2. Apply for new account
3. Back
Invalid Entry!
Thank you. Have a wonderful day.


Customer Main Menu. Please select an option: 
1. Accounts Menu
2. Apply for new account
3. Back
Invalid Entry!
Thank you. Have a wonderful day.


Customer Main Menu. Please select an option: 
1. Accounts Menu
2. Apply for new account
3. Back
Invalid Entry!
Thank you. Have a wonderful day.


Customer Main Menu. Please select an option: 
1. Accounts Menu
2. Apply for new account
3. Back
Invalid Entry!
Thank you. Have a wonderful day.


Customer Main Menu. Please select an option: 
1. Accounts Menu
2. Apply for new account
3. Back
Invalid Entry!
Thank you. Have a wonderful day.


Customer Main Menu. Please select an option: 
1. Accounts Menu
2. Apply for new account
3. Back
Invalid Entry!
Thank you. Have a wonderful day.


Customer Main Menu. Please select an option: 
1. Accounts Menu
2. Apply for new account
3. Back
Invalid Entry!
Thank you. Have a wonderful day.


Customer Main Menu. Please select an option: 
1. Accounts Menu
2. Apply for new account
3. Back
Invalid Entry!
Thank you. Have a wonderful day.


Customer Main Menu. Please select an option: 
1. Accounts Menu
2. Apply for new account
3. Back
Invalid Entry!
Thank you. Have a wonderful day.


Customer Main Menu. Please select an option: 
1. Accounts Menu
2. Apply for new account
3. Back
Invalid Entry!
Thank you. Have a wonderful day.


Customer Main Menu. Please select an option: 
1. Accounts Menu
2. Apply for new account
3. Back
Invalid Entry!
Thank you. Have a wonderful day.


Customer Main Menu. Please select an option: 
1. Accounts Menu
2. Apply for new account
3. Back
Invalid Entry!
Thank you. Have a wonderful day.
